<?xml version="1.0" encoding="UTF-8"?>
<!-- Generated by org.testng.reporters.JUnitXMLReporter -->
<testsuite ignored="4" hostname="Saianita-1994" failures="0" tests="1" name="Car loan" time="0.017" errors="0" timestamp="2026-09-04T00:46:12 IST">
  <testcase classname="testTutorial.demoThird" name="WebLoginloanCar" time="0.009"/>
  <testcase classname="testTutorial.demoThird" name="ApiLoginloanCar" time="0.0">
    <ignored/>
  </testcase> <!-- ApiLoginloanCar -->
  <testcase classname="testTutorial.demoThird" name="MobileLoginloanCar" time="0.0">
    <ignored/>
  </testcase> <!-- MobileLoginloanCar -->
  <testcase classname="testTutorial.demoThird" name="MobilesigninloanCar" time="0.0">
    <ignored/>
  </testcase> <!-- MobilesigninloanCar -->
  <testcase classname="testTutorial.demoThird" name="MobilesignoutloanCar" time="0.0">
    <ignored/>
  </testcase> <!-- MobilesignoutloanCar -->
</testsuite> <!-- Car loan -->
