<?xml version="1.0" encoding="UTF-8"?>
<!-- Generated by org.testng.reporters.JUnitXMLReporter -->
<testsuite ignored="2" hostname="Saianita-1994" failures="0" tests="1" name="Home Loan" time="0.021" errors="0" timestamp="2026-09-04T00:46:12 IST">
  <testcase classname="testTutorial.demoFour" name="ApiLoginloanHome" time="0.002"/>
  <testcase classname="testTutorial.demoFour" name="WebLoginloanHome" time="0.0">
    <ignored/>
  </testcase> <!-- WebLoginloanHome -->
  <testcase classname="testTutorial.demoFour" name="MobileLoginloanHome" time="0.0">
    <ignored/>
  </testcase> <!-- MobileLoginloanHome -->
</testsuite> <!-- Home Loan -->
