<?xml version="1.0" encoding="UTF-8"?>
<!-- Generated by org.testng.reporters.JUnitXMLReporter -->
<testsuite ignored="0" hostname="Saianita-1994" failures="1" tests="7" name="personal loan" time="0.285" errors="0" timestamp="2026-09-04T00:46:11 IST">
  <testcase classname="testTutorial.testDemo" name="demo" time="0.021"/>
  <testcase classname="testTutorial.testDemo" name="demo" time="0.003"/>
  <testcase classname="testTutorial.testDemo" name="demo" time="0.002"/>
  <testcase classname="testTutorial.testDemo" name="secondclass" time="0.01"/>
  <testcase classname="testTutorial.demoSecond" name="second" time="0.003"/>
  <testcase classname="testTutorial.demoSecond" name="test2" time="0.008"/>
  <testcase classname="testTutorial.demoSecond" name="test3" time="0.047">
    <failure type="java.lang.AssertionError" message="expected [true] but found [false]">
      <![CDATA[java.lang.AssertionError: expected [true] but found [false]
at testTutorial.demoSecond.test3(demoSecond.java:34)
at java.base/java.util.ArrayList.forEach(ArrayList.java:1596)
... Removed 29 stack frames]]>
    </failure>
  </testcase> <!-- test3 -->
</testsuite> <!-- personal loan -->
