<?xml version="1.0" encoding="UTF-8"?>
<!-- Generated by org.testng.reporters.JUnitXMLReporter -->
<testsuite ignored="10" hostname="L-156332974" failures="0" tests="3" name="Regression" time="0.072" errors="0" timestamp="2025-06-20T09:38:27 IST">
  <testcase classname="testTutorial.demoSecond" name="test2" time="0.015"/>
  <testcase classname="testTutorial.demoThird" name="MobileLoginloanCar" time="0.001"/>
  <testcase classname="testTutorial.demoFour" name="WebLoginloanHome" time="0.001"/>
  <testcase classname="testTutorial.demoFour" name="ApiLoginloanHome" time="0.0">
    <ignored/>
  </testcase> <!-- ApiLoginloanHome -->
  <testcase classname="testTutorial.demoThird" name="ApiLoginloanCar" time="0.0">
    <ignored/>
  </testcase> <!-- ApiLoginloanCar -->
  <testcase classname="testTutorial.demoThird" name="MobilesignoutloanCar" time="0.0">
    <ignored/>
  </testcase> <!-- MobilesignoutloanCar -->
  <testcase classname="testTutorial.demoSecond" name="test3" time="0.0">
    <ignored/>
  </testcase> <!-- test3 -->
  <testcase classname="testTutorial.demoFour" name="MobileLoginloanHome" time="0.0">
    <ignored/>
  </testcase> <!-- MobileLoginloanHome -->
  <testcase classname="testTutorial.demoThird" name="WebLoginloanCar" time="0.0">
    <ignored/>
  </testcase> <!-- WebLoginloanCar -->
  <testcase classname="testTutorial.demoThird" name="MobilesigninloanCar" time="0.0">
    <ignored/>
  </testcase> <!-- MobilesigninloanCar -->
  <testcase classname="testTutorial.testDemo" name="secondclass" time="0.0">
    <ignored/>
  </testcase> <!-- secondclass -->
  <testcase classname="testTutorial.testDemo" name="demo" time="0.0">
    <ignored/>
  </testcase> <!-- demo -->
  <testcase classname="testTutorial.demoSecond" name="second" time="0.0">
    <ignored/>
  </testcase> <!-- second -->
</testsuite> <!-- Regression -->
