<?xml version="1.0" encoding="UTF-8"?>
<testng-results ignored="0" total="3" passed="3" failed="0" skipped="0">
  <reporter-output>
  </reporter-output>
  <suite started-at="2026-09-04T15:41:20 IST" name="Suite" finished-at="2026-09-04T15:41:20 IST" duration-ms="84">
    <groups>
    </groups>
    <test started-at="2026-09-04T15:41:20 IST" name="FactoryTest" finished-at="2026-09-04T15:41:20 IST" duration-ms="84">
      <class name="Factory.fclass">
        <test-method signature="testLogin()[pri:0, instance:Factory.fclass@2f9f7dcf, instance params:[]]" started-at="2026-09-04T15:41:20 IST" name="testLogin" finished-at="2026-09-04T15:41:20 IST" duration-ms="14" status="PASS">
          <reporter-output>
          </reporter-output>
        </test-method> <!-- testLogin -->
        <test-method signature="testLogin()[pri:0, instance:Factory.fclass@5b8dfcc1, instance params:[]]" started-at="2026-09-04T15:41:20 IST" name="testLogin" finished-at="2026-09-04T15:41:20 IST" duration-ms="2" status="PASS">
          <reporter-output>
          </reporter-output>
        </test-method> <!-- testLogin -->
        <test-method signature="testLogin()[pri:0, instance:Factory.fclass@747ddf94, instance params:[]]" started-at="2026-09-04T15:41:20 IST" name="testLogin" finished-at="2026-09-04T15:41:20 IST" duration-ms="4" status="PASS">
          <reporter-output>
          </reporter-output>
        </test-method> <!-- testLogin -->
      </class> <!-- Factory.fclass -->
    </test> <!-- FactoryTest -->
  </suite> <!-- Suite -->
</testng-results>
