<?xml version="1.0" encoding="UTF-8"?>
<!-- Generated by org.testng.reporters.JUnitReportReporter -->
<testsuite hostname="Saianita-1994" failures="0" tests="4" name="testTutorial.testDemo" time="0.036" errors="0" timestamp="2026-09-04T00:46:12 IST" skipped="0">
  <testcase classname="testTutorial.testDemo" name="demo" time="0.021"/>
  <testcase classname="testTutorial.testDemo" name="secondclass" time="0.010"/>
  <testcase classname="testTutorial.testDemo" name="demo" time="0.003"/>
  <testcase classname="testTutorial.testDemo" name="demo" time="0.002"/>
</testsuite> <!-- testTutorial.testDemo -->
