<?xml version="1.0" encoding="UTF-8"?>
<!-- Generated by org.testng.reporters.JUnitReportReporter -->
<testsuite hostname="Saianita-1994" failures="0" tests="3" name="Factory.fclass" time="0.020" errors="0" timestamp="2026-09-04T15:41:21 IST" skipped="0">
  <testcase classname="Factory.fclass" name="testLogin" time="0.004"/>
  <testcase classname="Factory.fclass" name="testLogin" time="0.014"/>
  <testcase classname="Factory.fclass" name="testLogin" time="0.002"/>
</testsuite> <!-- Factory.fclass -->
