<?xml version="1.0" encoding="UTF-8"?>
<!-- Generated by org.testng.reporters.JUnitReportReporter -->
<testsuite hostname="Saianita-1994" failures="0" tests="2" name="testTutorial.demoThird" time="0.009" errors="0" timestamp="2026-09-04T00:46:12 IST" skipped="1">
  <testcase classname="testTutorial.demoThird" name="WebLoginloanCar" time="0.009"/>
  <testcase classname="testTutorial.demoThird" name="ApiLoginloanCar">
    <skipped/>
  </testcase> <!-- ApiLoginloanCar -->
</testsuite> <!-- testTutorial.demoThird -->
